%!Adobe-FontList 1.24
%Locale:0x409

%BeginFont
Handler:DirectoryHandler
FontType:Invalid
OutlineFileName:/Users/uttam.shrestha/Uttam files - new/Bios, Other docs, Scanned documents/Job - Resume - Interview/uttam-graphicproject/Adobe InDesign/mentorpath-digitalmarketing/Document fonts/AdobeFnt24.lst
FileLength:3643
FileModTime:752574656
%EndFont

%BeginFont
Handler:DirectoryHandler
FontType:Type1
FontName:MinionPro-Regular
FamilyName:Minion Pro
StyleName:Regular
MenuName:Minion Pro
StyleBits:0
WeightClass:400
WidthClass:5
AngleClass:0
FullName:Minion Pro
WritingScript:Roman
OutlineFileName:/Users/uttam.shrestha/Uttam files - new/Bios, Other docs, Scanned documents/Job - Resume - Interview/uttam-graphicproject/Adobe InDesign/mentorpath-digitalmarketing/Document fonts/MinionPro-Regular.otf
DataFormat:sfntData
UsesStandardEncoding:yes
isCFF:yes
hasSVG:no
hasSBIX:no
hasCOLR:no
VariableFontType:NonVariableFont
FileLength:217280
FileModTime:752574656
DesignSize:110
NameArray:0,Mac,4,Minion Pro
NameArray:0,Win,1,Minion Pro
%EndFont

%BeginFont
Handler:DirectoryHandler
FontType:TrueType
FontName:NotoSerifDisplay-Italic
FamilyName:Noto Serif Display
StyleName:Italic
MenuName:Noto Serif Display
FamilyPrefix:NotoSerifDisplay
StyleBits:1
WeightClass:400
WidthClass:5
AngleClass:1
FullName:Noto Serif Display Italic
WritingScript:Roman
OutlineFileName:/Users/uttam.shrestha/Uttam files - new/Bios, Other docs, Scanned documents/Job - Resume - Interview/uttam-graphicproject/Adobe InDesign/mentorpath-digitalmarketing/Document fonts/NotoSerifDisplay-Italic-VariableFont_wdth,wght.ttf
DataFormat:sfntData
hasSVG:no
hasSBIX:no
hasCOLR:no
VariableFontType:TrueTypeVariableFont
FileLength:1904468
FileModTime:752574656
NameArray:0,Win,1,Noto Serif Display
%EndFont

%BeginFont
Handler:DirectoryHandler
FontType:TrueType
FontName:Raleway-Thin
FamilyName:Raleway
StyleName:Thin
MenuName:Raleway Thin
FamilyPrefix:RalewayRoman
StyleBits:0
WeightClass:100
WidthClass:5
AngleClass:0
FullName:Raleway Thin
WritingScript:Roman
OutlineFileName:/Users/uttam.shrestha/Uttam files - new/Bios, Other docs, Scanned documents/Job - Resume - Interview/uttam-graphicproject/Adobe InDesign/mentorpath-digitalmarketing/Document fonts/Raleway-VariableFont_wght.ttf
DataFormat:sfntData
hasSVG:no
hasSBIX:no
hasCOLR:no
VariableFontType:TrueTypeVariableFont
FileLength:309720
FileModTime:752574656
NameArray:0,Win,1,Raleway Thin
NameArray:0,Win,16,Raleway
%EndFont

%BeginFont
Handler:DirectoryHandler
FontType:TrueType
FontName:Mangal
FamilyName:Mangal
StyleName:Regular
MenuName:Mangal
StyleBits:0
WeightClass:400
WidthClass:5
AngleClass:0
FullName:Mangal
WritingScript:Devanagari
OutlineFileName:/Users/uttam.shrestha/Uttam files - new/Bios, Other docs, Scanned documents/Job - Resume - Interview/uttam-graphicproject/Adobe InDesign/mentorpath-digitalmarketing/Document fonts/mangal.ttf
DataFormat:sfntData
hasSVG:no
hasSBIX:no
hasCOLR:no
VariableFontType:NonVariableFont
FileLength:200756
FileModTime:752574656
NameArray:0,Mac,4,Mangal
NameArray:0,Win,1,Mangal
%EndFont

%BeginFont
Handler:DirectoryHandler
FontType:TrueType
FontName:Verdana
FamilyName:Verdana
StyleName:Regular
MenuName:Verdana
StyleBits:0
WeightClass:400
WidthClass:5
AngleClass:0
FullName:Verdana
WritingScript:Roman
OutlineFileName:/Users/uttam.shrestha/Uttam files - new/Bios, Other docs, Scanned documents/Job - Resume - Interview/uttam-graphicproject/Adobe InDesign/mentorpath-digitalmarketing/Document fonts/verdana.ttf
DataFormat:sfntData
hasSVG:no
hasSBIX:no
hasCOLR:no
VariableFontType:NonVariableFont
FileLength:243304
FileModTime:752574656
NameArray:0,Mac,4,Verdana
NameArray:0,Win,1,Verdana
%EndFont

%BeginFont
Handler:DirectoryHandler
FontType:TrueType
FontName:Wingdings-Regular
FamilyName:Wingdings
StyleName:Regular
MenuName:Wingdings
StyleBits:0
WeightClass:400
WidthClass:5
AngleClass:0
FullName:Wingdings
WritingScript:Roman
OutlineFileName:/Users/uttam.shrestha/Uttam files - new/Bios, Other docs, Scanned documents/Job - Resume - Interview/uttam-graphicproject/Adobe InDesign/mentorpath-digitalmarketing/Document fonts/wingding.ttf
DataFormat:sfntData
hasSVG:no
hasSBIX:no
hasCOLR:no
VariableFontType:NonVariableFont
FileLength:82180
FileModTime:752574656
NameArray:0,Mac,4,Wingdings
NameArray:0,Win,1,Wingdings
%EndFont

