%!Adobe-FontList 1.24
%Locale:0x409

%BeginFont
Handler:DirectoryHandler
FontType:Invalid
OutlineFileName:/Users/uttam.shrestha/Uttam files - new/Bios, Other docs, Scanned documents/Job - Resume - Interview/uttam-graphicproject/Uttam Portfolio/2024/Document fonts/AdobeFnt24.lst
FileLength:1171
FileModTime:751773857
%EndFont

%BeginFont
Handler:DirectoryHandler
FontType:TrueType
FontName:Audiowide-Regular
FamilyName:Audiowide
StyleName:Regular
MenuName:Audiowide
StyleBits:0
WeightClass:400
WidthClass:5
AngleClass:0
FullName:Audiowide Regular
WritingScript:Roman
OutlineFileName:/Users/uttam.shrestha/Uttam files - new/Bios, Other docs, Scanned documents/Job - Resume - Interview/uttam-graphicproject/Uttam Portfolio/2024/Document fonts/Audiowide-Regular.ttf
DataFormat:sfntData
hasSVG:no
hasSBIX:no
hasCOLR:no
VariableFontType:NonVariableFont
FileLength:47676
FileModTime:751773857
NameArray:0,Win,1,Audiowide
%EndFont

%BeginFont
Handler:DirectoryHandler
FontType:TrueType
FontName:CenturyGothic-Italic
FamilyName:Century Gothic
StyleName:Italic
MenuName:Century Gothic
StyleBits:1
WeightClass:400
WidthClass:5
AngleClass:1
FullName:Century Gothic Italic
WritingScript:Roman
OutlineFileName:/Users/uttam.shrestha/Uttam files - new/Bios, Other docs, Scanned documents/Job - Resume - Interview/uttam-graphicproject/Uttam Portfolio/2024/Document fonts/GOTHICI.TTF
DataFormat:sfntData
hasSVG:no
hasSBIX:no
hasCOLR:no
VariableFontType:NonVariableFont
FileLength:148520
FileModTime:751773857
NameArray:0,Mac,4,Century Gothic Italic
NameArray:0,Win,1,Century Gothic
%EndFont

